
orange-canvas
orange-canvas
Defaulting to user installation because normal site-packages is not writeable
Obtaining file:///biodepot
Installing collected packages: salmon-demo
  Attempting uninstall: salmon-demo
    Found existing installation: salmon-demo 0.0.0
    Uninstalling salmon-demo-0.0.0:
      Successfully uninstalled salmon-demo-0.0.0
  Running setup.py develop for salmon-demo
Successfully installed salmon-demo
from setuptools import setup

setup(
    name="RNA-seq",
    packages=["RNA_seq"],
    package_data={"RNA_seq": ["icons/*.svg"]},
    entry_points={"orange.widgets": "RNA-seq = RNA_seq"},
)
setup(
    name="Utilities",
    packages=["Utilities"],
    package_data={"Utilities": ["icons/*.svg"]},
    entry_points={"orange.widgets": "Utilities = Utilities"},
)
setup(
    name="Miscellaneous",
    packages=["Miscellaneous"],
    package_data={"Miscellaneous": ["icons/*.svg"]},
    entry_points={"orange.widgets": "Miscellaneous = Miscellaneous"},
)
setup(
    name="User",
    packages=["User"],
    package_data={"User": ["icons/*.svg"]},
    entry_points={"orange.widgets": "User = User"},
)
setup(
    name="Jupyter",
    packages=["Jupyter"],
    package_data={"Jupyter": ["icons/*.svg"]},
    entry_points={"orange.widgets": "Jupyter = Jupyter"},
)
setup(
    name="Scripting",
    packages=["Scripting"],
    package_data={"Scripting": ["icons/*.svg"]},
    entry_points={"orange.widgets": "Scripting = Scripting"},
)
setup(
      name="salmon-demo",
      packages=["salmon_demo"],
      package_data={"salmon_demo": ["icons/*.svg"]},
      entry_points={"orange.widgets": "salmon-demo = salmon_demo"},
)

salmon-demo
['RNA-seq', 'Utilities', 'Miscellaneous', 'User', 'Jupyter', 'Scripting', 'salmon-demo']
ln -sf /workflows/salmon_demo/widgets/salmon_demo/icon /biodepot/salmon_demo/icon
orange-canvas /workflows/salmon_demo/salmon_demo.ows
No resolution selected. Exiting.
Shutting down Done
unix:///var/run/supervisor.sock no such file
Shutting down Done
unix:///var/run/supervisor.sock no such file
unix:///var/run/supervisor.sock no such file
unix:///var/run/supervisor.sock no such file
Shutting down Done
Shutting down Done
vnc_services: ERROR (no such group)
Shutting down Done
vnc_services: ERROR (no such group)

orange-canvas
orange-canvas
Shutting down Done
vnc_services: ERROR (no such group)

orange-canvas
orange-canvas
Shutting down  [|]  